Processing ./wheel/tensorflow-2.2.0-cp37-cp37m-manylinux2010_x86_64.whl
Collecting six>=1.12.0
  Downloading https://files.pythonhosted.org/packages/ee/ff/48bde5c0f013094d729fe4b0316ba2a24774b3ff1c52d924a8a4cb04078a/six-1.15.0-py2.py3-none-any.whl
Collecting termcolor>=1.1.0
  Downloading https://files.pythonhosted.org/packages/8a/48/a76be51647d0eb9f10e2a4511bf3ffb8cc1e6b14e9e4fab46173aa79f981/termcolor-1.1.0.tar.gz
Collecting scipy==1.4.1; python_version >= "3"
  Downloading https://files.pythonhosted.org/packages/dd/82/c1fe128f3526b128cfd185580ba40d01371c5d299fcf7f77968e22dfcc2e/scipy-1.4.1-cp37-cp37m-manylinux1_x86_64.whl (26.1MB)
Collecting gast==0.3.3
  Downloading https://files.pythonhosted.org/packages/d6/84/759f5dd23fec8ba71952d97bcc7e2c9d7d63bdc582421f3cd4be845f0c98/gast-0.3.3-py2.py3-none-any.whl
Collecting absl-py>=0.7.0
  Downloading https://files.pythonhosted.org/packages/1a/53/9243c600e047bd4c3df9e69cfabc1e8004a82cac2e0c484580a78a94ba2a/absl-py-0.9.0.tar.gz (104kB)
Collecting opt-einsum>=2.3.2
  Downloading https://files.pythonhosted.org/packages/63/a5/e6c07b08b934831ccb8c98ee335e66b7761c5754ee3cabfe4c11d0b1af28/opt_einsum-3.2.1-py3-none-any.whl (63kB)
Collecting wrapt>=1.11.1
  Downloading https://files.pythonhosted.org/packages/82/f7/e43cefbe88c5fd371f4cf0cf5eb3feccd07515af9fd6cf7dbf1d1793a797/wrapt-1.12.1.tar.gz
Collecting protobuf>=3.8.0
  Downloading https://files.pythonhosted.org/packages/07/63/2c505711827446bfdb544e7bcc0d7694b115d22d56175902a2581fe1172a/protobuf-3.12.2-cp37-cp37m-manylinux1_x86_64.whl (1.3MB)
Collecting numpy<2.0,>=1.16.0
  Downloading https://files.pythonhosted.org/packages/a8/31/e2c3eda7afe7dab08e1f24767b8e38ff2f30dc82bd74aa3a5324c550366a/numpy-1.19.0-cp37-cp37m-manylinux2010_x86_64.whl (14.6MB)
Collecting tensorboard<2.3.0,>=2.2.0
  Downloading https://files.pythonhosted.org/packages/1d/74/0a6fcb206dcc72a6da9a62dd81784bfdbff5fedb099982861dc2219014fb/tensorboard-2.2.2-py3-none-any.whl (3.0MB)
Collecting tensorflow-estimator<2.3.0,>=2.2.0
  Downloading https://files.pythonhosted.org/packages/a4/f5/926ae53d6a226ec0fda5208e0e581cffed895ccc89e36ba76a8e60895b78/tensorflow_estimator-2.2.0-py2.py3-none-any.whl (454kB)
Collecting grpcio>=1.8.6
  Downloading https://files.pythonhosted.org/packages/cf/10/ed3caaa9e4c1b8c275b866438e2047d34d5e64dacc75dd0b1daf28ae07af/grpcio-1.30.0-cp37-cp37m-manylinux2010_x86_64.whl (3.0MB)
Requirement already satisfied: wheel>=0.26; python_version >= "3" in /usr/local/lib/python3.7/site-packages (from tensorflow==2.2.0) (0.33.6)
Collecting keras-preprocessing>=1.1.0
  Downloading https://files.pythonhosted.org/packages/79/4c/7c3275a01e12ef9368a892926ab932b33bb13d55794881e3573482b378a7/Keras_Preprocessing-1.1.2-py2.py3-none-any.whl (42kB)
Collecting astunparse==1.6.3
  Downloading https://files.pythonhosted.org/packages/2b/03/13dde6512ad7b4557eb792fbcf0c653af6076b81e5941d36ec61f7ce6028/astunparse-1.6.3-py2.py3-none-any.whl
Collecting google-pasta>=0.1.8
  Downloading https://files.pythonhosted.org/packages/a3/de/c648ef6835192e6e2cc03f40b19eeda4382c49b5bafb43d88b931c4c74ac/google_pasta-0.2.0-py3-none-any.whl (57kB)
Collecting h5py<2.11.0,>=2.10.0
  Downloading https://files.pythonhosted.org/packages/3f/c0/abde58b837e066bca19a3f7332d9d0493521d7dd6b48248451a9e3fe2214/h5py-2.10.0-cp37-cp37m-manylinux1_x86_64.whl (2.9MB)
Requirement already satisfied: setuptools in /usr/local/lib/python3.7/site-packages (from protobuf>=3.8.0->tensorflow==2.2.0) (41.4.0)
Collecting google-auth-oauthlib<0.5,>=0.4.1
  Downloading https://files.pythonhosted.org/packages/7b/b8/88def36e74bee9fce511c9519571f4e485e890093ab7442284f4ffaef60b/google_auth_oauthlib-0.4.1-py2.py3-none-any.whl
Collecting google-auth<2,>=1.6.3
  Downloading https://files.pythonhosted.org/packages/09/4b/a25adc25200de0f558749908ffa78eb8d4b8750775c9c944ffc0dc2e661c/google_auth-1.19.0-py2.py3-none-any.whl (91kB)
Collecting markdown>=2.6.8
  Downloading https://files.pythonhosted.org/packages/a4/63/eaec2bd025ab48c754b55e8819af0f6a69e2b1e187611dd40cbbe101ee7f/Markdown-3.2.2-py3-none-any.whl (88kB)
Collecting requests<3,>=2.21.0
  Downloading https://files.pythonhosted.org/packages/45/1e/0c169c6a5381e241ba7404532c16a21d86ab872c9bed8bdcd4c423954103/requests-2.24.0-py2.py3-none-any.whl (61kB)
Collecting werkzeug>=0.11.15
  Downloading https://files.pythonhosted.org/packages/cc/94/5f7079a0e00bd6863ef8f1da638721e9da21e5bacee597595b318f71d62e/Werkzeug-1.0.1-py2.py3-none-any.whl (298kB)
Collecting tensorboard-plugin-wit>=1.6.0
  Downloading https://files.pythonhosted.org/packages/b6/85/5c5ac0a8c5efdfab916e9c6bc18963f6a6996a8a1e19ec4ad8c9ac9c623c/tensorboard_plugin_wit-1.7.0-py3-none-any.whl (779kB)
Collecting requests-oauthlib>=0.7.0
  Downloading https://files.pythonhosted.org/packages/a3/12/b92740d845ab62ea4edf04d2f4164d82532b5a0b03836d4d4e71c6f3d379/requests_oauthlib-1.3.0-py2.py3-none-any.whl
Collecting pyasn1-modules>=0.2.1
  Downloading https://files.pythonhosted.org/packages/95/de/214830a981892a3e286c3794f41ae67a4495df1108c3da8a9f62159b9a9d/pyasn1_modules-0.2.8-py2.py3-none-any.whl (155kB)
Collecting cachetools<5.0,>=2.0.0
  Downloading https://files.pythonhosted.org/packages/cd/5c/f3aa86b6d5482f3051b433c7616668a9b96fbe49a622210e2c9781938a5c/cachetools-4.1.1-py3-none-any.whl
Collecting rsa<5,>=3.1.4; python_version >= "3"
  Downloading https://files.pythonhosted.org/packages/1c/df/c3587a667d6b308fadc90b99e8bc8774788d033efcc70f4ecaae7fad144b/rsa-4.6-py3-none-any.whl (47kB)
Collecting importlib-metadata; python_version < "3.8"
  Downloading https://files.pythonhosted.org/packages/8e/58/cdea07eb51fc2b906db0968a94700866fc46249bdc75cac23f9d13168929/importlib_metadata-1.7.0-py2.py3-none-any.whl
Collecting certifi>=2017.4.17
  Downloading https://files.pythonhosted.org/packages/5e/c4/6c4fe722df5343c33226f0b4e0bb042e4dc13483228b4718baf286f86d87/certifi-2020.6.20-py2.py3-none-any.whl (156kB)
Collecting chardet<4,>=3.0.2
  Downloading https://files.pythonhosted.org/packages/bc/a9/01ffebfb562e4274b6487b4bb1ddec7ca55ec7510b22e4c51f14098443b8/chardet-3.0.4-py2.py3-none-any.whl (133kB)
Collecting idna<3,>=2.5
  Downloading https://files.pythonhosted.org/packages/a2/38/928ddce2273eaa564f6f50de919327bf3a00f091b5baba8dfa9460f3a8a8/idna-2.10-py2.py3-none-any.whl (58kB)
Collecting urllib3!=1.25.0,!=1.25.1,<1.26,>=1.21.1
  Downloading https://files.pythonhosted.org/packages/e1/e5/df302e8017440f111c11cc41a6b432838672f5a70aa29227bf58149dc72f/urllib3-1.25.9-py2.py3-none-any.whl (126kB)
Collecting oauthlib>=3.0.0
  Downloading https://files.pythonhosted.org/packages/05/57/ce2e7a8fa7c0afb54a0581b14a65b56e62b5759dbc98e80627142b8a3704/oauthlib-3.1.0-py2.py3-none-any.whl (147kB)
Collecting pyasn1<0.5.0,>=0.4.6
  Downloading https://files.pythonhosted.org/packages/62/1e/a94a8d635fa3ce4cfc7f506003548d0a2447ae76fd5ca53932970fe3053f/pyasn1-0.4.8-py2.py3-none-any.whl (77kB)
Collecting zipp>=0.5
  Downloading https://files.pythonhosted.org/packages/b2/34/bfcb43cc0ba81f527bc4f40ef41ba2ff4080e047acb0586b56b3d017ace4/zipp-3.1.0-py3-none-any.whl
Building wheels for collected packages: termcolor, absl-py, wrapt
  Building wheel for termcolor (setup.py): started
  Building wheel for termcolor (setup.py): finished with status 'done'
  Created wheel for termcolor: filename=termcolor-1.1.0-cp37-none-any.whl size=4832 sha256=84cd471c01710a07ba3ac32dbe1370c26f449795b5024d602173dfebab83cebf
  Stored in directory: /root/.cache/pip/wheels/7c/06/54/bc84598ba1daf8f970247f550b175aaaee85f68b4b0c5ab2c6
  Building wheel for absl-py (setup.py): started
  Building wheel for absl-py (setup.py): finished with status 'done'
  Created wheel for absl-py: filename=absl_py-0.9.0-cp37-none-any.whl size=121932 sha256=d92459892ffaf0b4aea1176f9bb503d432385fb8a6424d41c5bc6630e8451a81
  Stored in directory: /root/.cache/pip/wheels/8e/28/49/fad4e7f0b9a1227708cbbee4487ac8558a7334849cb81c813d
  Building wheel for wrapt (setup.py): started
  Building wheel for wrapt (setup.py): finished with status 'done'
  Created wheel for wrapt: filename=wrapt-1.12.1-cp37-none-any.whl size=19554 sha256=312be694a322ce4581a0324c1c1ae0f26b2a1df95525cf2d7d0415f64e8c9347
  Stored in directory: /root/.cache/pip/wheels/b1/c2/ed/d62208260edbd3fa7156545c00ef966f45f2063d0a84f8208a
Successfully built termcolor absl-py wrapt
Installing collected packages: six, termcolor, numpy, scipy, gast, absl-py, opt-einsum, wrapt, protobuf, certifi, chardet, idna, urllib3, requests, oauthlib, requests-oauthlib, pyasn1, pyasn1-modules, cachetools, rsa, google-auth, google-auth-oauthlib, zipp, importlib-metadata, markdown, werkzeug, tensorboard-plugin-wit, grpcio, tensorboard, tensorflow-estimator, keras-preprocessing, astunparse, google-pasta, h5py, tensorflow
Successfully installed absl-py-0.9.0 astunparse-1.6.3 cachetools-4.1.1 certifi-2020.6.20 chardet-3.0.4 gast-0.3.3 google-auth-1.19.0 google-auth-oauthlib-0.4.1 google-pasta-0.2.0 grpcio-1.30.0 h5py-2.10.0 idna-2.10 importlib-metadata-1.7.0 keras-preprocessing-1.1.2 markdown-3.2.2 numpy-1.19.0 oauthlib-3.1.0 opt-einsum-3.2.1 protobuf-3.12.2 pyasn1-0.4.8 pyasn1-modules-0.2.8 requests-2.24.0 requests-oauthlib-1.3.0 rsa-4.6 scipy-1.4.1 six-1.15.0 tensorboard-2.2.2 tensorboard-plugin-wit-1.7.0 tensorflow-2.2.0 tensorflow-estimator-2.2.0 termcolor-1.1.0 urllib3-1.25.9 werkzeug-1.0.1 wrapt-1.12.1 zipp-3.1.0
Processing ./wheel/torch-1.5.0-cp37-cp37m-manylinux1_x86_64.whl
Collecting future
  Downloading https://files.pythonhosted.org/packages/45/0b/38b06fd9b92dc2b68d58b75f900e97884c45bedd2ff83203d933cf5851c9/future-0.18.2.tar.gz (829kB)
Requirement already satisfied: numpy in /usr/local/lib/python3.7/site-packages (from torch==1.5.0) (1.19.0)
Building wheels for collected packages: future
  Building wheel for future (setup.py): started
  Building wheel for future (setup.py): finished with status 'done'
  Created wheel for future: filename=future-0.18.2-cp37-none-any.whl size=491057 sha256=195ac20228bdac435df32b278efbea49afb6a0f30bc60218aff8a5dccbd14525
  Stored in directory: /root/.cache/pip/wheels/8b/99/a0/81daf51dcd359a9377b110a8a886b3895921802d2fc1b2397e
Successfully built future
Installing collected packages: future, torch
Successfully installed future-0.18.2 torch-1.5.0
Collecting transformers==3.0.2
  Downloading https://files.pythonhosted.org/packages/27/3c/91ed8f5c4e7ef3227b4119200fc0ed4b4fd965b1f0172021c25701087825/transformers-3.0.2-py3-none-any.whl (769kB)
Collecting packaging
  Downloading https://files.pythonhosted.org/packages/46/19/c5ab91b1b05cfe63cccd5cfc971db9214c6dd6ced54e33c30d5af1d2bc43/packaging-20.4-py2.py3-none-any.whl
Requirement already satisfied: numpy in /usr/local/lib/python3.7/site-packages (from transformers==3.0.2) (1.19.0)
Collecting filelock
  Downloading https://files.pythonhosted.org/packages/93/83/71a2ee6158bb9f39a90c0dea1637f81d5eef866e188e1971a1b1ab01a35a/filelock-3.0.12-py3-none-any.whl
Collecting sacremoses
  Downloading https://files.pythonhosted.org/packages/7d/34/09d19aff26edcc8eb2a01bed8e98f13a1537005d31e95233fd48216eed10/sacremoses-0.0.43.tar.gz (883kB)
Collecting regex!=2019.12.17
  Downloading https://files.pythonhosted.org/packages/c7/10/a5f40a296a199dda90432ba0af4dc4221aa5cde31c62b6088c88df971e9e/regex-2020.7.14-cp37-cp37m-manylinux2010_x86_64.whl (660kB)
Collecting tokenizers==0.8.1.rc1
  Downloading https://files.pythonhosted.org/packages/02/59/68c7e3833f535615fb97d33ffcb7b30bbf62bc7477a9c59cd19ad8535d72/tokenizers-0.8.1rc1-cp37-cp37m-manylinux1_x86_64.whl (3.0MB)
Requirement already satisfied: requests in /usr/local/lib/python3.7/site-packages (from transformers==3.0.2) (2.24.0)
Collecting tqdm>=4.27
  Downloading https://files.pythonhosted.org/packages/46/62/7663894f67ac5a41a0d8812d78d9d2a9404124051885af9d77dc526fb399/tqdm-4.47.0-py2.py3-none-any.whl (66kB)
Collecting sentencepiece!=0.1.92
  Downloading https://files.pythonhosted.org/packages/f2/e2/813dff3d72df2f49554204e7e5f73a3dc0f0eb1e3958a4cad3ef3fb278b7/sentencepiece-0.1.91-cp37-cp37m-manylinux1_x86_64.whl (1.1MB)
Collecting pyparsing>=2.0.2
  Downloading https://files.pythonhosted.org/packages/8a/bb/488841f56197b13700afd5658fc279a2025a39e22449b7cf29864669b15d/pyparsing-2.4.7-py2.py3-none-any.whl (67kB)
Requirement already satisfied: six in /usr/local/lib/python3.7/site-packages (from packaging->transformers==3.0.2) (1.15.0)
Collecting click
  Downloading https://files.pythonhosted.org/packages/d2/3d/fa76db83bf75c4f8d338c2fd15c8d33fdd7ad23a9b5e57eb6c5de26b430e/click-7.1.2-py2.py3-none-any.whl (82kB)
Collecting joblib
  Downloading https://files.pythonhosted.org/packages/51/dd/0e015051b4a27ec5a58b02ab774059f3289a94b0906f880a3f9507e74f38/joblib-0.16.0-py3-none-any.whl (300kB)
Requirement already satisfied: chardet<4,>=3.0.2 in /usr/local/lib/python3.7/site-packages (from requests->transformers==3.0.2) (3.0.4)
Requirement already satisfied: idna<3,>=2.5 in /usr/local/lib/python3.7/site-packages (from requests->transformers==3.0.2) (2.10)
Requirement already satisfied: urllib3!=1.25.0,!=1.25.1,<1.26,>=1.21.1 in /usr/local/lib/python3.7/site-packages (from requests->transformers==3.0.2) (1.25.9)
Requirement already satisfied: certifi>=2017.4.17 in /usr/local/lib/python3.7/site-packages (from requests->transformers==3.0.2) (2020.6.20)
Building wheels for collected packages: sacremoses
  Building wheel for sacremoses (setup.py): started
  Building wheel for sacremoses (setup.py): finished with status 'done'
  Created wheel for sacremoses: filename=sacremoses-0.0.43-cp37-none-any.whl size=893261 sha256=5354acb3f15c6b9eda41750434028e5d7d552317d1bae819112e15d1ea86742a
  Stored in directory: /tmp/pip-ephem-wheel-cache-sbu1wl3g/wheels/29/3c/fd/7ce5c3f0666dab31a50123635e6fb5e19ceb42ce38d4e58f45
Successfully built sacremoses
Installing collected packages: pyparsing, packaging, filelock, regex, click, joblib, tqdm, sacremoses, tokenizers, sentencepiece, transformers
Successfully installed click-7.1.2 filelock-3.0.12 joblib-0.16.0 packaging-20.4 pyparsing-2.4.7 regex-2020.7.14 sacremoses-0.0.43 sentencepiece-0.1.91 tokenizers-0.8.1rc1 tqdm-4.47.0 transformers-3.0.2